<?xml version="1.0" encoding="UTF-8"?>
<testsuite xmlns:xsi="http://www.w3.org/2001/XMLSchema-instance" xsi:noNamespaceSchemaLocation="https://maven.apache.org/surefire/maven-surefire-plugin/xsd/surefire-test-report.xsd" name="tfg.licensoft.GeneralNullApiTests" time="0.034" tests="2" errors="0" skipped="0" failures="2">
  <properties>
[...]
</properties>
  <testcase name="testGetPublicApiKeyNull" classname="tfg.licensoft.GeneralNullApiTests" time="0.012">
    <failure message="Status expected:&lt;404&gt; but was:&lt;200&gt;" type="java.lang.AssertionError"><![CDATA[java.lang.AssertionError: Status expected:<404> but was:<200>
	at tfg.licensoft.GeneralNullApiTests.testGetPublicApiKeyNull(GeneralNullApiTests.java:67)
]]></failure>
    <system-out><![CDATA[2020-03-12 13:10:08.040  INFO 7840 --- [           main] .b.t.c.SpringBootTestContextBootstrapper : Neither @ContextConfiguration nor @ContextHierarchy found for test class [tfg.licensoft.GeneralNullApiTests], using SpringBootContextLoader
2020-03-12 13:10:08.040  INFO 7840 --- [           main] o.s.t.c.support.AbstractContextLoader    : Could not detect default resource locations for test class [tfg.licensoft.GeneralNullApiTests]: no resource found for suffixes {-context.xml, Context.groovy}.
2020-03-12 13:10:08.041  INFO 7840 --- [           main] t.c.s.AnnotationConfigContextLoaderUtils : Could not detect default configuration classes for test class [tfg.licensoft.GeneralNullApiTests]: GeneralNullApiTests does not declare any static, non-private, non-final, nested classes annotated with @Configuration.
2020-03-12 13:10:08.043  INFO 7840 --- [           main] .b.t.c.SpringBootTestContextBootstrapper : Found @SpringBootConfiguration tfg.licensoft.LicenSoftApp for test class tfg.licensoft.GeneralNullApiTests
2020-03-12 13:10:08.044  INFO 7840 --- [           main] .b.t.c.SpringBootTestContextBootstrapper : Loaded default TestExecutionListener class names from location [META-INF/spring.factories]: [org.springframework.boot.test.mock.mockito.MockitoTestExecutionListener, org.springframework.boot.test.mock.mockito.ResetMocksTestExecutionListener, org.springframework.boot.test.autoconfigure.restdocs.RestDocsTestExecutionListener, org.springframework.boot.test.autoconfigure.web.client.MockRestServiceServerResetTestExecutionListener, org.springframework.boot.test.autoconfigure.web.servlet.MockMvcPrintOnlyOnFailureTestExecutionListener, org.springframework.boot.test.autoconfigure.web.servlet.WebDriverTestExecutionListener, org.springframework.security.test.context.support.WithSecurityContextTestExecutionListener, org.springframework.security.test.context.support.ReactorContextTestExecutionListener, org.springframework.test.context.web.ServletTestExecutionListener, org.springframework.test.context.support.DirtiesContextBeforeModesTestExecutionListener, org.springframework.test.context.support.DependencyInjectionTestExecutionListener, org.springframework.test.context.support.DirtiesContextTestExecutionListener, org.springframework.test.context.transaction.TransactionalTestExecutionListener, org.springframework.test.context.jdbc.SqlScriptsTestExecutionListener]
2020-03-12 13:10:08.045  INFO 7840 --- [           main] .b.t.c.SpringBootTestContextBootstrapper : Using TestExecutionListeners: [org.springframework.test.context.web.ServletTestExecutionListener@33aa4326, org.springframework.test.context.support.DirtiesContextBeforeModesTestExecutionListener@125ed27, org.springframework.boot.test.mock.mockito.MockitoTestExecutionListener@2dedde74, org.springframework.boot.test.autoconfigure.SpringBootDependencyInjectionTestExecutionListener@22b2d9e3, org.springframework.test.context.support.DirtiesContextTestExecutionListener@43600de0, org.springframework.test.context.transaction.TransactionalTestExecutionListener@6d028c7e, org.springframework.test.context.jdbc.SqlScriptsTestExecutionListener@2e5ff1d4, org.springframework.security.test.context.support.WithSecurityContextTestExecutionListener@1a16583d, org.springframework.security.test.context.support.ReactorContextTestExecutionListener@59da4992, org.springframework.boot.test.mock.mockito.ResetMocksTestExecutionListener@20425fab, org.springframework.boot.test.autoconfigure.restdocs.RestDocsTestExecutionListener@71c2cb26, org.springframework.boot.test.autoconfigure.web.client.MockRestServiceServerResetTestExecutionListener@593db293, org.springframework.boot.test.autoconfigure.web.servlet.MockMvcPrintOnlyOnFailureTestExecutionListener@5220e6ff, org.springframework.boot.test.autoconfigure.web.servlet.WebDriverTestExecutionListener@602d5417]

MockHttpServletRequest:
      HTTP Method = GET
      Request URI = /api/appName
       Parameters = {}
          Headers = [Content-Type:"application/json;charset=UTF-8"]
             Body = null
    Session Attrs = {SPRING_SECURITY_CONTEXT=org.springframework.security.core.context.SecurityContextImpl@81c98b2: Authentication: org.springframework.security.authentication.UsernamePasswordAuthenticationToken@81c98b2: Principal: org.springframework.security.core.userdetails.User@36ebcb: Username: user; Password: [PROTECTED]; Enabled: true; AccountNonExpired: true; credentialsNonExpired: true; AccountNonLocked: true; Granted Authorities: ROLE_ADMIN; Credentials: [PROTECTED]; Authenticated: true; Details: null; Granted Authorities: ROLE_ADMIN}

Handler:
             Type = tfg.licensoft.api.GeneralController
           Method = private org.springframework.http.ResponseEntity<tfg.licensoft.api.GeneralController$Response> tfg.licensoft.api.GeneralController.getAppName()

Async:
    Async started = false
     Async result = null

Resolved Exception:
             Type = null

ModelAndView:
        View name = null
             View = null
            Model = null

FlashMap:
       Attributes = null

MockHttpServletResponse:
           Status = 200
    Error message = null
          Headers = [Content-Type:"application/json;charset=UTF-8", X-Content-Type-Options:"nosniff", X-XSS-Protection:"1; mode=block", Cache-Control:"no-cache, no-store, max-age=0, must-revalidate", Pragma:"no-cache", Expires:"0", X-Frame-Options:"DENY"]
     Content type = application/json;charset=UTF-8
             Body = {"text":"LicenSoftTesting"}
    Forwarded URL = null
   Redirected URL = null
          Cookies = []

MockHttpServletRequest:
      HTTP Method = GET
      Request URI = /api/keys/stripe/public
       Parameters = {}
          Headers = [Content-Type:"application/json;charset=UTF-8"]
             Body = null
    Session Attrs = {SPRING_SECURITY_CONTEXT=org.springframework.security.core.context.SecurityContextImpl@81c98b2: Authentication: org.springframework.security.authentication.UsernamePasswordAuthenticationToken@81c98b2: Principal: org.springframework.security.core.userdetails.User@36ebcb: Username: user; Password: [PROTECTED]; Enabled: true; AccountNonExpired: true; credentialsNonExpired: true; AccountNonLocked: true; Granted Authorities: ROLE_ADMIN; Credentials: [PROTECTED]; Authenticated: true; Details: null; Granted Authorities: ROLE_ADMIN}

Handler:
             Type = tfg.licensoft.api.GeneralController
           Method = private org.springframework.http.ResponseEntity<tfg.licensoft.api.GeneralController$Response> tfg.licensoft.api.GeneralController.getPublicStripeKey()

Async:
    Async started = false
     Async result = null

Resolved Exception:
             Type = null

ModelAndView:
        View name = null
             View = null
            Model = null

FlashMap:
       Attributes = null

MockHttpServletResponse:
           Status = 200
    Error message = null
          Headers = [Content-Type:"application/json;charset=UTF-8", X-Content-Type-Options:"nosniff", X-XSS-Protection:"1; mode=block", Cache-Control:"no-cache, no-store, max-age=0, must-revalidate", Pragma:"no-cache", Expires:"0", X-Frame-Options:"DENY"]
     Content type = application/json;charset=UTF-8
             Body = {"text":"pk_test_mAWlLKZrpvwEye9QZzRZzsSG00M6tsJ3QS"}
    Forwarded URL = null
   Redirected URL = null
          Cookies = []

MockHttpServletRequest:
      HTTP Method = GET
      Request URI = /api/keys/stripe/public
       Parameters = {}
          Headers = [Content-Type:"application/json;charset=UTF-8"]
             Body = null
    Session Attrs = {SPRING_SECURITY_CONTEXT=org.springframework.security.core.context.SecurityContextImpl@81c98b2: Authentication: org.springframework.security.authentication.UsernamePasswordAuthenticationToken@81c98b2: Principal: org.springframework.security.core.userdetails.User@36ebcb: Username: user; Password: [PROTECTED]; Enabled: true; AccountNonExpired: true; credentialsNonExpired: true; AccountNonLocked: true; Granted Authorities: ROLE_ADMIN; Credentials: [PROTECTED]; Authenticated: true; Details: null; Granted Authorities: ROLE_ADMIN}

Handler:
             Type = tfg.licensoft.api.GeneralController
           Method = private org.springframework.http.ResponseEntity<tfg.licensoft.api.GeneralController$Response> tfg.licensoft.api.GeneralController.getPublicStripeKey()

Async:
    Async started = false
     Async result = null

Resolved Exception:
             Type = null

ModelAndView:
        View name = null
             View = null
            Model = null

FlashMap:
       Attributes = null

MockHttpServletResponse:
           Status = 200
    Error message = null
          Headers = [Content-Type:"application/json;charset=UTF-8", X-Content-Type-Options:"nosniff", X-XSS-Protection:"1; mode=block", Cache-Control:"no-cache, no-store, max-age=0, must-revalidate", Pragma:"no-cache", Expires:"0", X-Frame-Options:"DENY"]
     Content type = application/json;charset=UTF-8
             Body = {"text":"pk_test_mAWlLKZrpvwEye9QZzRZzsSG00M6tsJ3QS"}
    Forwarded URL = null
   Redirected URL = null
          Cookies = []
]]></system-out>
  </testcase>
  <testcase name="testGetAppNameNull" classname="tfg.licensoft.GeneralNullApiTests" time="0.014">
    <failure message="Status expected:&lt;404&gt; but was:&lt;200&gt;" type="java.lang.AssertionError"><![CDATA[java.lang.AssertionError: Status expected:<404> but was:<200>
	at tfg.licensoft.GeneralNullApiTests.testGetAppNameNull(GeneralNullApiTests.java:60)
]]></failure>
    <system-out><![CDATA[
MockHttpServletRequest:
      HTTP Method = GET
      Request URI = /api/appName
       Parameters = {}
          Headers = [Content-Type:"application/json;charset=UTF-8"]
             Body = null
    Session Attrs = {SPRING_SECURITY_CONTEXT=org.springframework.security.core.context.SecurityContextImpl@81c98b2: Authentication: org.springframework.security.authentication.UsernamePasswordAuthenticationToken@81c98b2: Principal: org.springframework.security.core.userdetails.User@36ebcb: Username: user; Password: [PROTECTED]; Enabled: true; AccountNonExpired: true; credentialsNonExpired: true; AccountNonLocked: true; Granted Authorities: ROLE_ADMIN; Credentials: [PROTECTED]; Authenticated: true; Details: null; Granted Authorities: ROLE_ADMIN}

Handler:
             Type = tfg.licensoft.api.GeneralController
           Method = private org.springframework.http.ResponseEntity<tfg.licensoft.api.GeneralController$Response> tfg.licensoft.api.GeneralController.getAppName()

Async:
    Async started = false
     Async result = null

Resolved Exception:
             Type = null

ModelAndView:
        View name = null
             View = null
            Model = null

FlashMap:
       Attributes = null

MockHttpServletResponse:
           Status = 200
    Error message = null
          Headers = [Content-Type:"application/json;charset=UTF-8", X-Content-Type-Options:"nosniff", X-XSS-Protection:"1; mode=block", Cache-Control:"no-cache, no-store, max-age=0, must-revalidate", Pragma:"no-cache", Expires:"0", X-Frame-Options:"DENY"]
     Content type = application/json;charset=UTF-8
             Body = {"text":"LicenSoftTesting"}
    Forwarded URL = null
   Redirected URL = null
          Cookies = []

MockHttpServletRequest:
      HTTP Method = GET
      Request URI = /api/keys/stripe/public
       Parameters = {}
          Headers = [Content-Type:"application/json;charset=UTF-8"]
             Body = null
    Session Attrs = {SPRING_SECURITY_CONTEXT=org.springframework.security.core.context.SecurityContextImpl@81c98b2: Authentication: org.springframework.security.authentication.UsernamePasswordAuthenticationToken@81c98b2: Principal: org.springframework.security.core.userdetails.User@36ebcb: Username: user; Password: [PROTECTED]; Enabled: true; AccountNonExpired: true; credentialsNonExpired: true; AccountNonLocked: true; Granted Authorities: ROLE_ADMIN; Credentials: [PROTECTED]; Authenticated: true; Details: null; Granted Authorities: ROLE_ADMIN}

Handler:
             Type = tfg.licensoft.api.GeneralController
           Method = private org.springframework.http.ResponseEntity<tfg.licensoft.api.GeneralController$Response> tfg.licensoft.api.GeneralController.getPublicStripeKey()

Async:
    Async started = false
     Async result = null

Resolved Exception:
             Type = null

ModelAndView:
        View name = null
             View = null
            Model = null

FlashMap:
       Attributes = null

MockHttpServletResponse:
           Status = 200
    Error message = null
          Headers = [Content-Type:"application/json;charset=UTF-8", X-Content-Type-Options:"nosniff", X-XSS-Protection:"1; mode=block", Cache-Control:"no-cache, no-store, max-age=0, must-revalidate", Pragma:"no-cache", Expires:"0", X-Frame-Options:"DENY"]
     Content type = application/json;charset=UTF-8
             Body = {"text":"pk_test_mAWlLKZrpvwEye9QZzRZzsSG00M6tsJ3QS"}
    Forwarded URL = null
   Redirected URL = null
          Cookies = []

MockHttpServletRequest:
      HTTP Method = GET
      Request URI = /api/keys/stripe/public
       Parameters = {}
          Headers = [Content-Type:"application/json;charset=UTF-8"]
             Body = null
    Session Attrs = {SPRING_SECURITY_CONTEXT=org.springframework.security.core.context.SecurityContextImpl@81c98b2: Authentication: org.springframework.security.authentication.UsernamePasswordAuthenticationToken@81c98b2: Principal: org.springframework.security.core.userdetails.User@36ebcb: Username: user; Password: [PROTECTED]; Enabled: true; AccountNonExpired: true; credentialsNonExpired: true; AccountNonLocked: true; Granted Authorities: ROLE_ADMIN; Credentials: [PROTECTED]; Authenticated: true; Details: null; Granted Authorities: ROLE_ADMIN}

Handler:
             Type = tfg.licensoft.api.GeneralController
           Method = private org.springframework.http.ResponseEntity<tfg.licensoft.api.GeneralController$Response> tfg.licensoft.api.GeneralController.getPublicStripeKey()

Async:
    Async started = false
     Async result = null

Resolved Exception:
             Type = null

ModelAndView:
        View name = null
             View = null
            Model = null

FlashMap:
       Attributes = null

MockHttpServletResponse:
           Status = 200
    Error message = null
          Headers = [Content-Type:"application/json;charset=UTF-8", X-Content-Type-Options:"nosniff", X-XSS-Protection:"1; mode=block", Cache-Control:"no-cache, no-store, max-age=0, must-revalidate", Pragma:"no-cache", Expires:"0", X-Frame-Options:"DENY"]
     Content type = application/json;charset=UTF-8
             Body = {"text":"pk_test_mAWlLKZrpvwEye9QZzRZzsSG00M6tsJ3QS"}
    Forwarded URL = null
   Redirected URL = null
          Cookies = []

MockHttpServletRequest:
      HTTP Method = GET
      Request URI = /api/appName
       Parameters = {}
          Headers = [Content-Type:"application/json;charset=UTF-8"]
             Body = null
    Session Attrs = {SPRING_SECURITY_CONTEXT=org.springframework.security.core.context.SecurityContextImpl@81c98b2: Authentication: org.springframework.security.authentication.UsernamePasswordAuthenticationToken@81c98b2: Principal: org.springframework.security.core.userdetails.User@36ebcb: Username: user; Password: [PROTECTED]; Enabled: true; AccountNonExpired: true; credentialsNonExpired: true; AccountNonLocked: true; Granted Authorities: ROLE_ADMIN; Credentials: [PROTECTED]; Authenticated: true; Details: null; Granted Authorities: ROLE_ADMIN}

Handler:
             Type = tfg.licensoft.api.GeneralController
           Method = private org.springframework.http.ResponseEntity<tfg.licensoft.api.GeneralController$Response> tfg.licensoft.api.GeneralController.getAppName()

Async:
    Async started = false
     Async result = null

Resolved Exception:
             Type = null

ModelAndView:
        View name = null
             View = null
            Model = null

FlashMap:
       Attributes = null

MockHttpServletResponse:
           Status = 200
    Error message = null
          Headers = [Content-Type:"application/json;charset=UTF-8", X-Content-Type-Options:"nosniff", X-XSS-Protection:"1; mode=block", Cache-Control:"no-cache, no-store, max-age=0, must-revalidate", Pragma:"no-cache", Expires:"0", X-Frame-Options:"DENY"]
     Content type = application/json;charset=UTF-8
             Body = {"text":"LicenSoftTesting"}
    Forwarded URL = null
   Redirected URL = null
          Cookies = []
]]></system-out>
  </testcase>
</testsuite>